# JRE version: OpenJDK Runtime Environment (11.0.8+10) (build 11.0.8+10-b944.6842174)
# Java VM: OpenJDK 64-Bit Server VM (11.0.8+10-b944.6842174, mixed mode, tiered, compressed oops, g1 gc, windows-amd64)
Heap:
 garbage-first heap   total 129024K, used 81403K [0x00000000a0000000, 0x0000000100000000)
  region size 1024K, 28 young (28672K), 7 survivors (7168K)
 Metaspace       used 68931K, capacity 70925K, committed 71296K, reserved 1110016K
  class space    used 8972K, capacity 9733K, committed 9856K, reserved 1048576K
GC Heap History (20 events):
Event: 46.550 GC heap before
{Heap before GC invocations=6 (full 0):
 garbage-first heap   total 129024K, used 61548K [0x00000000a0000000, 0x0000000100000000)
  region size 1024K, 49 young (50176K), 5 survivors (5120K)
 Metaspace       used 25616K, capacity 26201K, committed 26368K, reserved 1073152K
  class space    used 3321K, capacity 3517K, committed 3584K, reserved 1048576K
}
Event: 46.576 GC heap after
{Heap after GC invocations=7 (full 0):
 garbage-first heap   total 129024K, used 18173K [0x00000000a0000000, 0x0000000100000000)
  region size 1024K, 3 young (3072K), 3 survivors (3072K)
 Metaspace       used 25616K, capacity 26201K, committed 26368K, reserved 1073152K
  class space    used 3321K, capacity 3517K, committed 3584K, reserved 1048576K
}
Event: 52.850 GC heap before
{Heap before GC invocations=7 (full 0):
 garbage-first heap   total 129024K, used 77565K [0x00000000a0000000, 0x0000000100000000)
  region size 1024K, 59 young (60416K), 3 survivors (3072K)
 Metaspace       used 35075K, capacity 35716K, committed 35840K, reserved 1081344K
  class space    used 4520K, capacity 4775K, committed 4864K, reserved 1048576K
}
Event: 52.892 GC heap after
{Heap after GC invocations=8 (full 0):
 garbage-first heap   total 129024K, used 24020K [0x00000000a0000000, 0x0000000100000000)
  region size 1024K, 7 young (7168K), 7 survivors (7168K)
 Metaspace       used 35075K, capacity 35716K, committed 35840K, reserved 1081344K
  class space    used 4520K, capacity 4775K, committed 4864K, reserved 1048576K
}
Event: 58.848 GC heap before
{Heap before GC invocations=9 (full 0):
 garbage-first heap   total 129024K, used 83412K [0x00000000a0000000, 0x0000000100000000)
  region size 1024K, 65 young (66560K), 7 survivors (7168K)
 Metaspace       used 40656K, capacity 41540K, committed 41728K, reserved 1085440K
  class space    used 5194K, capacity 5516K, committed 5632K, reserved 1048576K
}
Event: 58.914 GC heap after
{Heap after GC invocations=10 (full 0):
 garbage-first heap   total 129024K, used 26017K [0x00000000a0000000, 0x0000000100000000)
  region size 1024K, 8 young (8192K), 8 survivors (8192K)
 Metaspace       used 40656K, capacity 41540K, committed 41728K, reserved 1085440K
  class space    used 5194K, capacity 5516K, committed 5632K, reserved 1048576K
}
Event: 83.212 GC heap before
{Heap before GC invocations=11 (full 0):
 garbage-first heap   total 129024K, used 90529K [0x00000000a0000000, 0x0000000100000000)
  region size 1024K, 72 young (73728K), 8 survivors (8192K)
 Metaspace       used 44040K, capacity 45060K, committed 45184K, reserved 1089536K
  class space    used 5633K, capacity 6007K, committed 6016K, reserved 1048576K
}
Event: 83.263 GC heap after
{Heap after GC invocations=12 (full 0):
 garbage-first heap   total 129024K, used 28954K [0x00000000a0000000, 0x0000000100000000)
  region size 1024K, 7 young (7168K), 7 survivors (7168K)
 Metaspace       used 44040K, capacity 45060K, committed 45184K, reserved 1089536K
  class space    used 5633K, capacity 6007K, committed 6016K, reserved 1048576K
}
Event: 102.599 GC heap before
{Heap before GC invocations=12 (full 0):
 garbage-first heap   total 129024K, used 98586K [0x00000000a0000000, 0x0000000100000000)
  region size 1024K, 70 young (71680K), 7 survivors (7168K)
 Metaspace       used 51706K, capacity 52881K, committed 53120K, reserved 1095680K
  class space    used 6554K, capacity 6972K, committed 7040K, reserved 1048576K
}
Event: 102.649 GC heap after
{Heap after GC invocations=13 (full 0):
 garbage-first heap   total 129024K, used 41894K [0x00000000a0000000, 0x0000000100000000)
  region size 1024K, 9 young (9216K), 9 survivors (9216K)
 Metaspace       used 51706K, capacity 52881K, committed 53120K, reserved 1095680K
  class space    used 6554K, capacity 6972K, committed 7040K, reserved 1048576K
}
Event: 111.581 GC heap before
{Heap before GC invocations=13 (full 0):
 garbage-first heap   total 129024K, used 98214K [0x00000000a0000000, 0x0000000100000000)
  region size 1024K, 64 young (65536K), 9 survivors (9216K)
 Metaspace       used 56803K, capacity 58061K, committed 58112K, reserved 1099776K
  class space    used 7193K, capacity 7638K, committed 7680K, reserved 1048576K
}
Event: 111.628 GC heap after
{Heap after GC invocations=14 (full 0):
 garbage-first heap   total 129024K, used 46418K [0x00000000a0000000, 0x0000000100000000)
  region size 1024K, 4 young (4096K), 4 survivors (4096K)
 Metaspace       used 56803K, capacity 58061K, committed 58112K, reserved 1099776K
  class space    used 7193K, capacity 7638K, committed 7680K, reserved 1048576K
}
Event: 126.861 GC heap before
{Heap before GC invocations=14 (full 0):
 garbage-first heap   total 129024K, used 99666K [0x00000000a0000000, 0x0000000100000000)
  region size 1024K, 57 young (58368K), 4 survivors (4096K)
 Metaspace       used 60540K, capacity 62072K, committed 62208K, reserved 1103872K
  class space    used 7619K, capacity 8141K, committed 8192K, reserved 1048576K
}
Event: 126.904 GC heap after
{Heap after GC invocations=15 (full 0):
 garbage-first heap   total 129024K, used 49967K [0x00000000a0000000, 0x0000000100000000)
  region size 1024K, 8 young (8192K), 8 survivors (8192K)
 Metaspace       used 60540K, capacity 62072K, committed 62208K, reserved 1103872K
  class space    used 7619K, capacity 8141K, committed 8192K, reserved 1048576K
}
Event: 136.574 GC heap before
{Heap before GC invocations=15 (full 0):
 garbage-first heap   total 129024K, used 101167K [0x00000000a0000000, 0x0000000100000000)
  region size 1024K, 58 young (59392K), 8 survivors (8192K)
 Metaspace       used 62968K, capacity 64648K, committed 64896K, reserved 1105920K
  class space    used 7977K, capacity 8576K, committed 8576K, reserved 1048576K
}
Event: 136.631 GC heap after
{Heap after GC invocations=16 (full 0):
 garbage-first heap   total 129024K, used 54057K [0x00000000a0000000, 0x0000000100000000)
  region size 1024K, 8 young (8192K), 8 survivors (8192K)
 Metaspace       used 62968K, capacity 64648K, committed 64896K, reserved 1105920K
  class space    used 7977K, capacity 8576K, committed 8576K, reserved 1048576K
}
Event: 157.767 GC heap before
{Heap before GC invocations=16 (full 0):
 garbage-first heap   total 129024K, used 103209K [0x00000000a0000000, 0x0000000100000000)
  region size 1024K, 56 young (57344K), 8 survivors (8192K)
 Metaspace       used 67156K, capacity 68804K, committed 68992K, reserved 1110016K
  class space    used 8655K, capacity 9252K, committed 9344K, reserved 1048576K
}
Event: 157.822 GC heap after
{Heap after GC invocations=17 (full 0):
 garbage-first heap   total 129024K, used 57769K [0x00000000a0000000, 0x0000000100000000)
  region size 1024K, 4 young (4096K), 4 survivors (4096K)
 Metaspace       used 67156K, capacity 68804K, committed 68992K, reserved 1110016K
  class space    used 8655K, capacity 9252K, committed 9344K, reserved 1048576K
}
Event: 161.066 GC heap before
{Heap before GC invocations=17 (full 0):
 garbage-first heap   total 129024K, used 92585K [0x00000000a0000000, 0x0000000100000000)
  region size 1024K, 39 young (39936K), 4 survivors (4096K)
 Metaspace       used 68030K, capacity 69858K, committed 69888K, reserved 1110016K
  class space    used 8814K, capacity 9453K, committed 9472K, reserved 1048576K
}
Event: 161.112 GC heap after
{Heap after GC invocations=18 (full 0):
 garbage-first heap   total 129024K, used 60923K [0x00000000a0000000, 0x0000000100000000)
  region size 1024K, 7 young (7168K), 7 survivors (7168K)
 Metaspace       used 68030K, capacity 69858K, committed 69888K, reserved 1110016K
  class space    used 8814K, capacity 9453K, committed 9472K, reserved 1048576K
}

