# JRE version: OpenJDK Runtime Environment (11.0.8+10) (build 11.0.8+10-b944.6842174)
# Java VM: OpenJDK 64-Bit Server VM (11.0.8+10-b944.6842174, mixed mode, tiered, compressed oops, g1 gc, windows-amd64)
Heap:
 garbage-first heap   total 129024K, used 98026K [0x00000000a0000000, 0x0000000100000000)
  region size 1024K, 56 young (57344K), 7 survivors (7168K)
 Metaspace       used 61731K, capacity 63355K, committed 63440K, reserved 1103872K
  class space    used 7787K, capacity 8378K, committed 8448K, reserved 1048576K
GC Heap History (20 events):
Event: 2.410 GC heap before
{Heap before GC invocations=2 (full 0):
 garbage-first heap   total 129024K, used 35522K [0x00000000a0000000, 0x0000000100000000)
  region size 1024K, 28 young (28672K), 1 survivors (1024K)
 Metaspace       used 11025K, capacity 11274K, committed 11520K, reserved 1058816K
  class space    used 1146K, capacity 1203K, committed 1280K, reserved 1048576K
}
Event: 2.416 GC heap after
{Heap after GC invocations=3 (full 0):
 garbage-first heap   total 129024K, used 13495K [0x00000000a0000000, 0x0000000100000000)
  region size 1024K, 4 young (4096K), 4 survivors (4096K)
 Metaspace       used 11025K, capacity 11274K, committed 11520K, reserved 1058816K
  class space    used 1146K, capacity 1203K, committed 1280K, reserved 1048576K
}
Event: 14.728 GC heap before
{Heap before GC invocations=3 (full 0):
 garbage-first heap   total 129024K, used 53431K [0x00000000a0000000, 0x0000000100000000)
  region size 1024K, 43 young (44032K), 4 survivors (4096K)
 Metaspace       used 18242K, capacity 18655K, committed 18816K, reserved 1064960K
  class space    used 2178K, capacity 2308K, committed 2432K, reserved 1048576K
}
Event: 14.739 GC heap after
{Heap after GC invocations=4 (full 0):
 garbage-first heap   total 129024K, used 16034K [0x00000000a0000000, 0x0000000100000000)
  region size 1024K, 3 young (3072K), 3 survivors (3072K)
 Metaspace       used 18242K, capacity 18655K, committed 18816K, reserved 1064960K
  class space    used 2178K, capacity 2308K, committed 2432K, reserved 1048576K
}
Event: 16.503 GC heap before
{Heap before GC invocations=4 (full 0):
 garbage-first heap   total 129024K, used 31394K [0x00000000a0000000, 0x0000000100000000)
  region size 1024K, 19 young (19456K), 3 survivors (3072K)
 Metaspace       used 20559K, capacity 21103K, committed 21296K, reserved 1069056K
  class space    used 2514K, capacity 2661K, committed 2688K, reserved 1048576K
}
Event: 16.512 GC heap after
{Heap after GC invocations=5 (full 0):
 garbage-first heap   total 129024K, used 16673K [0x00000000a0000000, 0x0000000100000000)
  region size 1024K, 4 young (4096K), 4 survivors (4096K)
 Metaspace       used 20559K, capacity 21103K, committed 21296K, reserved 1069056K
  class space    used 2514K, capacity 2661K, committed 2688K, reserved 1048576K
}
Event: 22.867 GC heap before
{Heap before GC invocations=6 (full 0):
 garbage-first heap   total 129024K, used 63777K [0x00000000a0000000, 0x0000000100000000)
  region size 1024K, 50 young (51200K), 4 survivors (4096K)
 Metaspace       used 25839K, capacity 26377K, committed 26624K, reserved 1073152K
  class space    used 3354K, capacity 3549K, committed 3584K, reserved 1048576K
}
Event: 22.880 GC heap after
{Heap after GC invocations=7 (full 0):
 garbage-first heap   total 129024K, used 18262K [0x00000000a0000000, 0x0000000100000000)
  region size 1024K, 5 young (5120K), 5 survivors (5120K)
 Metaspace       used 25839K, capacity 26377K, committed 26624K, reserved 1073152K
  class space    used 3354K, capacity 3549K, committed 3584K, reserved 1048576K
}
Event: 32.629 GC heap before
{Heap before GC invocations=7 (full 0):
 garbage-first heap   total 129024K, used 75606K [0x00000000a0000000, 0x0000000100000000)
  region size 1024K, 59 young (60416K), 5 survivors (5120K)
 Metaspace       used 35294K, capacity 35927K, committed 36048K, reserved 1081344K
  class space    used 4523K, capacity 4775K, committed 4864K, reserved 1048576K
}
Event: 32.656 GC heap after
{Heap after GC invocations=8 (full 0):
 garbage-first heap   total 129024K, used 24275K [0x00000000a0000000, 0x0000000100000000)
  region size 1024K, 7 young (7168K), 7 survivors (7168K)
 Metaspace       used 35294K, capacity 35927K, committed 36048K, reserved 1081344K
  class space    used 4523K, capacity 4775K, committed 4864K, reserved 1048576K
}
Event: 36.855 GC heap before
{Heap before GC invocations=9 (full 0):
 garbage-first heap   total 129024K, used 81619K [0x00000000a0000000, 0x0000000100000000)
  region size 1024K, 63 young (64512K), 7 survivors (7168K)
 Metaspace       used 40410K, capacity 41290K, committed 41552K, reserved 1085440K
  class space    used 5153K, capacity 5449K, committed 5504K, reserved 1048576K
}
Event: 36.885 GC heap after
{Heap after GC invocations=10 (full 0):
 garbage-first heap   total 129024K, used 25846K [0x00000000a0000000, 0x0000000100000000)
  region size 1024K, 8 young (8192K), 8 survivors (8192K)
 Metaspace       used 40410K, capacity 41290K, committed 41552K, reserved 1085440K
  class space    used 5153K, capacity 5449K, committed 5504K, reserved 1048576K
}
Event: 48.738 GC heap before
{Heap before GC invocations=11 (full 0):
 garbage-first heap   total 129024K, used 89334K [0x00000000a0000000, 0x0000000100000000)
  region size 1024K, 70 young (71680K), 8 survivors (8192K)
 Metaspace       used 44113K, capacity 45132K, committed 45392K, reserved 1089536K
  class space    used 5637K, capacity 6005K, committed 6016K, reserved 1048576K
}
Event: 48.760 GC heap after
{Heap after GC invocations=12 (full 0):
 garbage-first heap   total 129024K, used 29067K [0x00000000a0000000, 0x0000000100000000)
  region size 1024K, 7 young (7168K), 7 survivors (7168K)
 Metaspace       used 44113K, capacity 45132K, committed 45392K, reserved 1089536K
  class space    used 5637K, capacity 6005K, committed 6016K, reserved 1048576K
}
Event: 64.814 GC heap before
{Heap before GC invocations=12 (full 0):
 garbage-first heap   total 129024K, used 98699K [0x00000000a0000000, 0x0000000100000000)
  region size 1024K, 70 young (71680K), 7 survivors (7168K)
 Metaspace       used 50846K, capacity 52042K, committed 52176K, reserved 1095680K
  class space    used 6432K, capacity 6856K, committed 6912K, reserved 1048576K
}
Event: 64.837 GC heap after
{Heap after GC invocations=13 (full 0):
 garbage-first heap   total 129024K, used 41422K [0x00000000a0000000, 0x0000000100000000)
  region size 1024K, 9 young (9216K), 9 survivors (9216K)
 Metaspace       used 50846K, capacity 52042K, committed 52176K, reserved 1095680K
  class space    used 6432K, capacity 6856K, committed 6912K, reserved 1048576K
}
Event: 76.722 GC heap before
{Heap before GC invocations=13 (full 0):
 garbage-first heap   total 129024K, used 95694K [0x00000000a0000000, 0x0000000100000000)
  region size 1024K, 62 young (63488K), 9 survivors (9216K)
 Metaspace       used 56030K, capacity 57355K, committed 57424K, reserved 1099776K
  class space    used 7107K, capacity 7531K, committed 7552K, reserved 1048576K
}
Event: 76.738 GC heap after
{Heap after GC invocations=14 (full 0):
 garbage-first heap   total 129024K, used 44510K [0x00000000a0000000, 0x0000000100000000)
  region size 1024K, 4 young (4096K), 4 survivors (4096K)
 Metaspace       used 56030K, capacity 57355K, committed 57424K, reserved 1099776K
  class space    used 7107K, capacity 7531K, committed 7552K, reserved 1048576K
}
Event: 85.406 GC heap before
{Heap before GC invocations=14 (full 0):
 garbage-first heap   total 129024K, used 97758K [0x00000000a0000000, 0x0000000100000000)
  region size 1024K, 56 young (57344K), 4 survivors (4096K)
 Metaspace       used 60439K, capacity 61896K, committed 62160K, reserved 1103872K
  class space    used 7598K, capacity 8102K, committed 8192K, reserved 1048576K
}
Event: 85.423 GC heap after
{Heap after GC invocations=15 (full 0):
 garbage-first heap   total 129024K, used 48874K [0x00000000a0000000, 0x0000000100000000)
  region size 1024K, 7 young (7168K), 7 survivors (7168K)
 Metaspace       used 60439K, capacity 61896K, committed 62160K, reserved 1103872K
  class space    used 7598K, capacity 8102K, committed 8192K, reserved 1048576K
}

